<?xml version="1.0" encoding="UTF-8"?>
<!-- Generated by org.testng.reporters.JUnitReportReporter -->
<testsuite hostname="MIVICS" failures="0" tests="2" name="SeleniumMavenTestNG.Testcase.Testcase1" time="25.535" errors="0" timestamp="2024-05-15T14:24:34 WAT" skipped="0">
  <testcase classname="SeleniumMavenTestNG.Testcase.Testcase1" name="checkGoogle" time="3.235"/>
  <testcase classname="SeleniumMavenTestNG.Testcase.Testcase1" name="checkYahoo" time="22.300"/>
</testsuite> <!-- SeleniumMavenTestNG.Testcase.Testcase1 -->
